<?xml version='1.0'?>
<ns2:test-suite xmlns:ns2='urn:model.allure.qatools.yandex.ru' start='1668576095386' stop='1668576095394'>
    <name>Amazon product search: Retrieve text from the search field</name>
    <title>Amazon product search: Retrieve text from the search field</title>
    <test-cases>
        <test-case start='1668576095386' status='passed' stop='1668576095387'>
            <name></name>
            <title></title>
            <labels>
                <label name='language' value='javascript'/>
                <label name='framework' value='wdio'/>
                <label name='thread' value='0-0'/>
            </labels>
            <parameters>
                <parameter kind='argument' name='browser' value='chrome-107.0.5304.107'/>
            </parameters>
            <steps/>
            <attachments/>
        </test-case>
        <test-case start='1668576095387' status='broken' stop='1668576095390'>
            <name>Given I am on the search results page</name>
            <title>Given I am on the search results page</title>
            <labels>
                <label name='language' value='javascript'/>
                <label name='framework' value='wdio'/>
                <label name='thread' value='0-0'/>
            </labels>
            <parameters>
                <parameter kind='argument' name='browser' value='chrome-107.0.5304.107'/>
            </parameters>
            <steps/>
            <attachments/>
            <failure>
                <message>Step "I am on the search results page" is not defined. You can ignore this error by setting cucumberOpts.ignoreUndefinedDefinitions as true.</message>
                <stack-trace>Step "I am on the search results page" is not defined. You can ignore this error by setting cucumberOpts.ignoreUndefinedDefinitions as true.
                	at Feature(C:\Dev\VsCode\BDDWebDriverIO\features\amazon_search.feature):1:1
                	at Scenario(Retrieve text from the search field):9:1
                	at Step(I am on the search results page):10:5
                </stack-trace>
            </failure>
        </test-case>
        <test-case start='1668576095390' status='broken' stop='1668576095391'>
            <name>And I am printing the search term given in the searchbox</name>
            <title>And I am printing the search term given in the searchbox</title>
            <labels>
                <label name='language' value='javascript'/>
                <label name='framework' value='wdio'/>
                <label name='thread' value='0-0'/>
            </labels>
            <parameters>
                <parameter kind='argument' name='browser' value='chrome-107.0.5304.107'/>
            </parameters>
            <steps/>
            <attachments/>
            <failure>
                <message>Step "I am printing the search term given in the searchbox" is not defined. You can ignore this error by setting cucumberOpts.ignoreUndefinedDefinitions as true.</message>
                <stack-trace>Step "I am printing the search term given in the searchbox" is not defined. You can ignore this error by setting cucumberOpts.ignoreUndefinedDefinitions as true.
                	at Feature(C:\Dev\VsCode\BDDWebDriverIO\features\amazon_search.feature):1:1
                	at Scenario(Retrieve text from the search field):9:1
                	at Step(I am printing the search term given in the searchbox):11:5
                </stack-trace>
            </failure>
        </test-case>
        <test-case start='1668576095392' status='passed' stop='1668576095393'>
            <name></name>
            <title></title>
            <labels>
                <label name='language' value='javascript'/>
                <label name='framework' value='wdio'/>
                <label name='thread' value='0-0'/>
            </labels>
            <parameters>
                <parameter kind='argument' name='browser' value='chrome-107.0.5304.107'/>
            </parameters>
            <steps/>
            <attachments/>
        </test-case>
    </test-cases>
</ns2:test-suite>